TN:
SF:D:/npm-packages/from-this-moment/src/index.js
FN:1,ftm
FNF:1
FNH:1
FNDA:3,ftm
DA:1,1
DA:2,3
DA:3,3
DA:6,3
DA:7,3
DA:8,3
DA:9,3
DA:10,3
DA:11,2
DA:12,2
DA:14,3
DA:15,0
DA:17,3
DA:18,3
DA:19,3
DA:21,0
DA:22,0
DA:23,0
DA:25,0
DA:26,0
DA:27,0
DA:29,0
DA:30,0
DA:31,0
DA:33,0
DA:34,0
DA:35,0
DA:37,0
DA:38,0
DA:46,3
DA:47,0
DA:48,0
DA:50,0
DA:53,3
DA:56,3
DA:58,0
DA:60,3
DA:62,0
DA:64,0
DA:66,0
DA:68,0
DA:70,0
DA:72,0
DA:75,3
DA:76,0
DA:79,3
DA:80,1
DA:82,3
LF:48
LH:22
BRDA:4,0,0,3
BRDA:4,0,1,0
BRDA:10,1,0,2
BRDA:10,1,1,1
BRDA:14,2,0,0
BRDA:14,2,1,3
BRDA:18,3,0,3
BRDA:18,3,1,0
BRDA:22,4,0,0
BRDA:22,4,1,0
BRDA:26,5,0,0
BRDA:26,5,1,0
BRDA:30,6,0,0
BRDA:30,6,1,0
BRDA:34,7,0,0
BRDA:34,7,1,0
BRDA:46,8,0,0
BRDA:46,8,1,3
BRDA:47,9,0,0
BRDA:47,9,1,0
BRDA:57,10,0,0
BRDA:57,10,1,3
BRDA:57,10,2,0
BRDA:57,10,3,0
BRDA:57,10,4,0
BRDA:57,10,5,0
BRDA:57,10,6,0
BRDA:57,10,7,0
BRDA:75,11,0,0
BRDA:75,11,1,3
BRDA:79,12,0,1
BRDA:79,12,1,2
BRF:32
BRH:10
end_of_record
